[2025-09-01 13:11:32,814] [INFO] [root] --- Iniciando Servidor RAG Orquestrador ---
[2025-09-01 13:11:32,831] [INFO] [chromadb.telemetry.product.posthog] Anonymized telemetry enabled. See                     https://docs.trychroma.com/telemetry for more information.
[2025-09-01 13:11:32,941] [INFO] [app.rag_engine] Vector store 'rag_documentos_detran' conectado em /app/.rag_db.
[2025-09-01 13:11:32,941] [INFO] [root] Construindo índice de embeddings. O servidor ficará disponível após o término...
[2025-09-01 13:11:32,941] [INFO] [app.rag_engine] Iniciando construção do índice...
[2025-09-01 13:11:32,942] [INFO] [app.rag_engine] Encontrados 2 arquivos para processamento.
[2025-09-01 13:11:33,896] [INFO] [app.rag_engine] Total de 25 chunks gerados. Criando embeddings em lotes...
[2025-09-01 13:11:50,408] [INFO] [app.rag_engine] Processado lote de embeddings 1...
[2025-09-01 13:11:50,556] [INFO] [app.rag_engine] Índice construído com sucesso em 17.61 segundos.
[2025-09-01 13:11:50,557] [INFO] [root] Índice de embeddings concluído.
[2025-09-01 13:11:50,557] [INFO] [root] --- Servidor RAG pronto para receber requisições ---
[2025-09-01 13:12:02,084] [INFO] [app.rag_engine] Recebida nova pergunta: 'Qual a tolerancia para que um aluno entre na aula remota?...'
[2025-09-01 13:17:36,231] [INFO] [app.rag_engine] Recebida nova pergunta: 'Qual a tolerancia para que um aluno entre na aula remota?...'
[2025-09-01 13:25:52,110] [INFO] [root] --- Finalizando Servidor RAG Orquestrador ---
[2025-09-01 13:26:36,310] [INFO] [root] --- Iniciando Servidor RAG Orquestrador ---
[2025-09-01 13:26:36,421] [INFO] [chromadb.telemetry.product.posthog] Anonymized telemetry enabled. See                     https://docs.trychroma.com/telemetry for more information.
[2025-09-01 13:26:36,824] [INFO] [app.rag_engine] Vector store 'rag_documentos_detran' conectado em /app/.rag_db.
[2025-09-01 13:26:36,824] [INFO] [root] Construindo índice de embeddings. O servidor ficará disponível após o término...
[2025-09-01 13:26:36,824] [INFO] [app.rag_engine] Iniciando construção do índice...
[2025-09-01 13:26:36,835] [INFO] [app.rag_engine] Encontrados 2 arquivos para processamento.
[2025-09-01 13:26:37,728] [INFO] [app.rag_engine] Total de 25 chunks gerados. Criando embeddings em lotes...
[2025-09-01 13:26:54,412] [INFO] [app.rag_engine] Processado lote de embeddings 1...
[2025-09-01 13:26:54,575] [INFO] [app.rag_engine] Índice construído com sucesso em 17.75 segundos.
[2025-09-01 13:26:54,575] [INFO] [root] Índice de embeddings concluído.
[2025-09-01 13:26:54,576] [INFO] [root] --- Servidor RAG pronto para receber requisições ---
[2025-09-01 13:42:36,457] [INFO] [root] --- Finalizando Servidor RAG Orquestrador ---
[2025-09-01 13:43:28,417] [INFO] [root] --- Iniciando Servidor RAG Orquestrador ---
[2025-09-01 13:43:28,529] [INFO] [chromadb.telemetry.product.posthog] Anonymized telemetry enabled. See                     https://docs.trychroma.com/telemetry for more information.
[2025-09-01 13:43:28,915] [INFO] [app.rag_engine] Vector store 'rag_documentos_detran' conectado em /app/.rag_db.
[2025-09-01 13:43:28,915] [INFO] [root] Construindo índice de embeddings. O servidor ficará disponível após o término...
[2025-09-01 13:43:28,915] [INFO] [app.rag_engine] Iniciando construção do índice...
[2025-09-01 13:43:28,925] [INFO] [app.rag_engine] Encontrados 2 arquivos para processamento.
[2025-09-01 13:43:29,827] [INFO] [app.rag_engine] Total de 25 chunks gerados. Criando embeddings em lotes...
[2025-09-01 13:43:46,444] [INFO] [app.rag_engine] Processado lote de embeddings 1...
[2025-09-01 13:43:46,932] [INFO] [app.rag_engine] Índice construído com sucesso em 18.02 segundos.
[2025-09-01 13:43:46,933] [INFO] [root] Índice de embeddings concluído.
[2025-09-01 13:43:46,934] [INFO] [root] --- Servidor RAG pronto para receber requisições ---
[2025-09-01 13:53:18,216] [INFO] [root] --- Finalizando Servidor RAG Orquestrador ---
[2025-09-01 13:53:54,023] [INFO] [root] --- Iniciando Servidor RAG Orquestrador ---
[2025-09-01 13:53:54,131] [INFO] [chromadb.telemetry.product.posthog] Anonymized telemetry enabled. See                     https://docs.trychroma.com/telemetry for more information.
[2025-09-01 13:53:54,528] [INFO] [app.rag_engine] Vector store 'rag_documentos_detran' conectado em /app/.rag_db.
[2025-09-01 13:53:54,528] [INFO] [root] Construindo índice de embeddings. O servidor ficará disponível após o término...
[2025-09-01 13:53:54,528] [INFO] [app.rag_engine] Iniciando construção do índice...
[2025-09-01 13:53:54,537] [INFO] [app.rag_engine] Encontrados 2 arquivos para processamento.
[2025-09-01 13:53:55,439] [INFO] [app.rag_engine] Total de 25 chunks gerados. Criando embeddings em lotes...
[2025-09-01 13:54:17,593] [INFO] [app.rag_engine] Processado lote de embeddings 1...
[2025-09-01 13:54:17,750] [INFO] [app.rag_engine] Índice construído com sucesso em 23.22 segundos.
[2025-09-01 13:54:17,751] [INFO] [root] Índice de embeddings concluído.
[2025-09-01 13:54:17,752] [INFO] [root] --- Servidor RAG pronto para receber requisições ---
[2025-09-01 14:56:24,647] [INFO] [app.rag_engine] Recebida nova pergunta: 'Qual a tolerancia para que um aluno entre na aula remota?...'
